0 info it worked if it ends with ok
1 verbose cli [ '/usr/local/bin/node',
1 verbose cli   '/usr/local/bin/npm',
1 verbose cli   'install',
1 verbose cli   '--save',
1 verbose cli   'express',
1 verbose cli   'sequelize',
1 verbose cli   'squlite3',
1 verbose cli   'body-parser',
1 verbose cli   'nodemon' ]
2 info using npm@2.15.9
3 info using node@v4.6.1
4 verbose install initial load of /Users/mahamadoukoita/Desktop/INSTAGRAM/student-contact/package.json
5 warn package.json student-contact@1.0.0 No repository field.
6 warn package.json student-contact@1.0.0 No README data
7 verbose installManyTop reading scoped package data from /Users/mahamadoukoita/Desktop/INSTAGRAM/student-contact/node_modules/nodemon/package.json
8 verbose readDependencies loading dependencies from /Users/mahamadoukoita/Desktop/INSTAGRAM/student-contact/package.json
9 silly cache add args [ 'express', null ]
10 verbose cache add spec express
11 silly cache add args [ 'sequelize', null ]
12 verbose cache add spec sequelize
13 silly cache add args [ 'squlite3', null ]
14 verbose cache add spec squlite3
15 silly cache add args [ 'body-parser', null ]
16 verbose cache add spec body-parser
17 verbose install nodemon is installed as 1.11.0
18 silly cache add args [ 'nodemon@^1.11.0', null ]
19 verbose cache add spec nodemon@^1.11.0
20 silly cache add parsed spec Result {
20 silly cache add   raw: 'nodemon@^1.11.0',
20 silly cache add   scope: null,
20 silly cache add   name: 'nodemon',
20 silly cache add   rawSpec: '^1.11.0',
20 silly cache add   spec: '>=1.11.0 <2.0.0',
20 silly cache add   type: 'range' }
21 silly addNamed nodemon@>=1.11.0 <2.0.0
22 verbose addNamed ">=1.11.0 <2.0.0" is a valid semver range for nodemon
23 silly addNameRange { name: 'nodemon', range: '>=1.11.0 <2.0.0', hasData: false }
24 silly mapToRegistry name nodemon
25 silly mapToRegistry using default registry
26 silly mapToRegistry registry https://registry.npmjs.org/
27 silly mapToRegistry data Result {
27 silly mapToRegistry   raw: 'nodemon',
27 silly mapToRegistry   scope: null,
27 silly mapToRegistry   name: 'nodemon',
27 silly mapToRegistry   rawSpec: '',
27 silly mapToRegistry   spec: 'latest',
27 silly mapToRegistry   type: 'tag' }
28 silly mapToRegistry uri https://registry.npmjs.org/nodemon
29 verbose addNameRange registry:https://registry.npmjs.org/nodemon not in flight; fetching
30 silly cache add parsed spec Result {
30 silly cache add   raw: 'express',
30 silly cache add   scope: null,
30 silly cache add   name: 'express',
30 silly cache add   rawSpec: '',
30 silly cache add   spec: 'latest',
30 silly cache add   type: 'tag' }
31 silly addNamed express@latest
32 verbose addNamed "latest" is being treated as a dist-tag for express
33 info addNameTag [ 'express', 'latest' ]
34 silly mapToRegistry name express
35 silly mapToRegistry using default registry
36 silly mapToRegistry registry https://registry.npmjs.org/
37 silly mapToRegistry data Result {
37 silly mapToRegistry   raw: 'express',
37 silly mapToRegistry   scope: null,
37 silly mapToRegistry   name: 'express',
37 silly mapToRegistry   rawSpec: '',
37 silly mapToRegistry   spec: 'latest',
37 silly mapToRegistry   type: 'tag' }
38 silly mapToRegistry uri https://registry.npmjs.org/express
39 verbose addNameTag registry:https://registry.npmjs.org/express not in flight; fetching
40 silly cache add parsed spec Result {
40 silly cache add   raw: 'sequelize',
40 silly cache add   scope: null,
40 silly cache add   name: 'sequelize',
40 silly cache add   rawSpec: '',
40 silly cache add   spec: 'latest',
40 silly cache add   type: 'tag' }
41 silly addNamed sequelize@latest
42 verbose addNamed "latest" is being treated as a dist-tag for sequelize
43 info addNameTag [ 'sequelize', 'latest' ]
44 silly mapToRegistry name sequelize
45 silly mapToRegistry using default registry
46 silly mapToRegistry registry https://registry.npmjs.org/
47 silly mapToRegistry data Result {
47 silly mapToRegistry   raw: 'sequelize',
47 silly mapToRegistry   scope: null,
47 silly mapToRegistry   name: 'sequelize',
47 silly mapToRegistry   rawSpec: '',
47 silly mapToRegistry   spec: 'latest',
47 silly mapToRegistry   type: 'tag' }
48 silly mapToRegistry uri https://registry.npmjs.org/sequelize
49 verbose addNameTag registry:https://registry.npmjs.org/sequelize not in flight; fetching
50 silly cache add parsed spec Result {
50 silly cache add   raw: 'squlite3',
50 silly cache add   scope: null,
50 silly cache add   name: 'squlite3',
50 silly cache add   rawSpec: '',
50 silly cache add   spec: 'latest',
50 silly cache add   type: 'tag' }
51 silly addNamed squlite3@latest
52 verbose addNamed "latest" is being treated as a dist-tag for squlite3
53 info addNameTag [ 'squlite3', 'latest' ]
54 silly mapToRegistry name squlite3
55 silly mapToRegistry using default registry
56 silly mapToRegistry registry https://registry.npmjs.org/
57 silly mapToRegistry data Result {
57 silly mapToRegistry   raw: 'squlite3',
57 silly mapToRegistry   scope: null,
57 silly mapToRegistry   name: 'squlite3',
57 silly mapToRegistry   rawSpec: '',
57 silly mapToRegistry   spec: 'latest',
57 silly mapToRegistry   type: 'tag' }
58 silly mapToRegistry uri https://registry.npmjs.org/squlite3
59 verbose addNameTag registry:https://registry.npmjs.org/squlite3 not in flight; fetching
60 silly cache add parsed spec Result {
60 silly cache add   raw: 'body-parser',
60 silly cache add   scope: null,
60 silly cache add   name: 'body-parser',
60 silly cache add   rawSpec: '',
60 silly cache add   spec: 'latest',
60 silly cache add   type: 'tag' }
61 silly addNamed body-parser@latest
62 verbose addNamed "latest" is being treated as a dist-tag for body-parser
63 info addNameTag [ 'body-parser', 'latest' ]
64 silly mapToRegistry name body-parser
65 silly mapToRegistry using default registry
66 silly mapToRegistry registry https://registry.npmjs.org/
67 silly mapToRegistry data Result {
67 silly mapToRegistry   raw: 'body-parser',
67 silly mapToRegistry   scope: null,
67 silly mapToRegistry   name: 'body-parser',
67 silly mapToRegistry   rawSpec: '',
67 silly mapToRegistry   spec: 'latest',
67 silly mapToRegistry   type: 'tag' }
68 silly mapToRegistry uri https://registry.npmjs.org/body-parser
69 verbose addNameTag registry:https://registry.npmjs.org/body-parser not in flight; fetching
70 verbose request uri https://registry.npmjs.org/squlite3
71 verbose request no auth needed
72 info attempt registry request try #1 at 2:02:26 PM
73 verbose request id a0ee265b3f85e519
74 http request GET https://registry.npmjs.org/squlite3
75 verbose request uri https://registry.npmjs.org/body-parser
76 verbose request no auth needed
77 info attempt registry request try #1 at 2:02:26 PM
78 verbose etag W/"58530d03-1dd53"
79 verbose lastModified Thu, 15 Dec 2016 21:37:07 GMT
80 http request GET https://registry.npmjs.org/body-parser
81 verbose request uri https://registry.npmjs.org/sequelize
82 verbose request no auth needed
83 info attempt registry request try #1 at 2:02:26 PM
84 verbose etag W/"5851aab7-76b42"
85 verbose lastModified Wed, 14 Dec 2016 20:25:27 GMT
86 http request GET https://registry.npmjs.org/sequelize
87 verbose request uri https://registry.npmjs.org/express
88 verbose request no auth needed
89 info attempt registry request try #1 at 2:02:26 PM
90 verbose etag W/"585562ed-8544f"
91 verbose lastModified Sat, 17 Dec 2016 16:08:13 GMT
92 http request GET https://registry.npmjs.org/express
93 verbose request uri https://registry.npmjs.org/nodemon
94 verbose request no auth needed
95 info attempt registry request try #1 at 2:02:26 PM
96 verbose etag W/"584f6861-30b97"
97 verbose lastModified Tue, 13 Dec 2016 03:17:53 GMT
98 http request GET https://registry.npmjs.org/nodemon
99 http 304 https://registry.npmjs.org/body-parser
100 verbose headers { date: 'Sat, 17 Dec 2016 19:02:26 GMT',
100 verbose headers   via: '1.1 varnish',
100 verbose headers   'cache-control': 'max-age=300',
100 verbose headers   etag: 'W/"58530d03-1dd53"',
100 verbose headers   age: '41',
100 verbose headers   connection: 'keep-alive',
100 verbose headers   'x-served-by': 'cache-jfk8134-JFK',
100 verbose headers   'x-cache': 'HIT',
100 verbose headers   'x-cache-hits': '2',
100 verbose headers   'x-timer': 'S1482001346.368869,VS0,VE0',
100 verbose headers   vary: 'Accept-Encoding' }
101 silly get cb [ 304,
101 silly get   { date: 'Sat, 17 Dec 2016 19:02:26 GMT',
101 silly get     via: '1.1 varnish',
101 silly get     'cache-control': 'max-age=300',
101 silly get     etag: 'W/"58530d03-1dd53"',
101 silly get     age: '41',
101 silly get     connection: 'keep-alive',
101 silly get     'x-served-by': 'cache-jfk8134-JFK',
101 silly get     'x-cache': 'HIT',
101 silly get     'x-cache-hits': '2',
101 silly get     'x-timer': 'S1482001346.368869,VS0,VE0',
101 silly get     vary: 'Accept-Encoding' } ]
102 verbose etag https://registry.npmjs.org/body-parser from cache
103 verbose get saving body-parser to /Users/mahamadoukoita/.npm/registry.npmjs.org/body-parser/.cache.json
104 verbose correctMkdir /Users/mahamadoukoita/.npm correctMkdir not in flight; initializing
105 http 304 https://registry.npmjs.org/sequelize
106 verbose headers { date: 'Sat, 17 Dec 2016 19:02:26 GMT',
106 verbose headers   via: '1.1 varnish',
106 verbose headers   'cache-control': 'max-age=300',
106 verbose headers   etag: 'W/"5851aab7-76b42"',
106 verbose headers   age: '57',
106 verbose headers   connection: 'keep-alive',
106 verbose headers   'x-served-by': 'cache-jfk8128-JFK',
106 verbose headers   'x-cache': 'HIT',
106 verbose headers   'x-cache-hits': '1',
106 verbose headers   'x-timer': 'S1482001346.383695,VS0,VE0',
106 verbose headers   vary: 'Accept-Encoding' }
107 silly get cb [ 304,
107 silly get   { date: 'Sat, 17 Dec 2016 19:02:26 GMT',
107 silly get     via: '1.1 varnish',
107 silly get     'cache-control': 'max-age=300',
107 silly get     etag: 'W/"5851aab7-76b42"',
107 silly get     age: '57',
107 silly get     connection: 'keep-alive',
107 silly get     'x-served-by': 'cache-jfk8128-JFK',
107 silly get     'x-cache': 'HIT',
107 silly get     'x-cache-hits': '1',
107 silly get     'x-timer': 'S1482001346.383695,VS0,VE0',
107 silly get     vary: 'Accept-Encoding' } ]
108 verbose etag https://registry.npmjs.org/sequelize from cache
109 verbose get saving sequelize to /Users/mahamadoukoita/.npm/registry.npmjs.org/sequelize/.cache.json
110 verbose correctMkdir /Users/mahamadoukoita/.npm correctMkdir not in flight; initializing
111 http 304 https://registry.npmjs.org/nodemon
112 verbose headers { date: 'Sat, 17 Dec 2016 19:02:26 GMT',
112 verbose headers   via: '1.1 varnish',
112 verbose headers   'cache-control': 'max-age=300',
112 verbose headers   etag: 'W/"584f6861-30b97"',
112 verbose headers   age: '181',
112 verbose headers   connection: 'keep-alive',
112 verbose headers   'x-served-by': 'cache-jfk8130-JFK',
112 verbose headers   'x-cache': 'HIT',
112 verbose headers   'x-cache-hits': '1',
112 verbose headers   'x-timer': 'S1482001346.395922,VS0,VE0',
112 verbose headers   vary: 'Accept-Encoding' }
113 silly get cb [ 304,
113 silly get   { date: 'Sat, 17 Dec 2016 19:02:26 GMT',
113 silly get     via: '1.1 varnish',
113 silly get     'cache-control': 'max-age=300',
113 silly get     etag: 'W/"584f6861-30b97"',
113 silly get     age: '181',
113 silly get     connection: 'keep-alive',
113 silly get     'x-served-by': 'cache-jfk8130-JFK',
113 silly get     'x-cache': 'HIT',
113 silly get     'x-cache-hits': '1',
113 silly get     'x-timer': 'S1482001346.395922,VS0,VE0',
113 silly get     vary: 'Accept-Encoding' } ]
114 verbose etag https://registry.npmjs.org/nodemon from cache
115 verbose get saving nodemon to /Users/mahamadoukoita/.npm/registry.npmjs.org/nodemon/.cache.json
116 verbose correctMkdir /Users/mahamadoukoita/.npm correctMkdir not in flight; initializing
117 http 304 https://registry.npmjs.org/express
118 verbose headers { date: 'Sat, 17 Dec 2016 19:02:26 GMT',
118 verbose headers   via: '1.1 varnish',
118 verbose headers   'cache-control': 'max-age=300',
118 verbose headers   etag: 'W/"585562ed-8544f"',
118 verbose headers   age: '265',
118 verbose headers   connection: 'keep-alive',
118 verbose headers   'x-served-by': 'cache-jfk8121-JFK',
118 verbose headers   'x-cache': 'HIT',
118 verbose headers   'x-cache-hits': '1',
118 verbose headers   'x-timer': 'S1482001346.397328,VS0,VE0',
118 verbose headers   vary: 'Accept-Encoding' }
119 silly get cb [ 304,
119 silly get   { date: 'Sat, 17 Dec 2016 19:02:26 GMT',
119 silly get     via: '1.1 varnish',
119 silly get     'cache-control': 'max-age=300',
119 silly get     etag: 'W/"585562ed-8544f"',
119 silly get     age: '265',
119 silly get     connection: 'keep-alive',
119 silly get     'x-served-by': 'cache-jfk8121-JFK',
119 silly get     'x-cache': 'HIT',
119 silly get     'x-cache-hits': '1',
119 silly get     'x-timer': 'S1482001346.397328,VS0,VE0',
119 silly get     vary: 'Accept-Encoding' } ]
120 verbose etag https://registry.npmjs.org/express from cache
121 verbose get saving express to /Users/mahamadoukoita/.npm/registry.npmjs.org/express/.cache.json
122 verbose correctMkdir /Users/mahamadoukoita/.npm correctMkdir not in flight; initializing
123 silly addNameTag next cb for body-parser with tag latest
124 silly addNamed body-parser@1.15.2
125 verbose addNamed "1.15.2" is a plain semver version for body-parser
126 silly addNameTag next cb for sequelize with tag latest
127 silly addNamed sequelize@3.27.0
128 verbose addNamed "3.27.0" is a plain semver version for sequelize
129 http 404 https://registry.npmjs.org/squlite3
130 verbose headers { 'content-type': 'application/json',
130 verbose headers   'cache-control': 'max-age=0',
130 verbose headers   'content-length': '2',
130 verbose headers   'accept-ranges': 'bytes',
130 verbose headers   date: 'Sat, 17 Dec 2016 19:02:26 GMT',
130 verbose headers   via: '1.1 varnish',
130 verbose headers   age: '0',
130 verbose headers   connection: 'keep-alive',
130 verbose headers   'x-served-by': 'cache-jfk8126-JFK',
130 verbose headers   'x-cache': 'MISS',
130 verbose headers   'x-cache-hits': '0',
130 verbose headers   'x-timer': 'S1482001346.363499,VS0,VE89',
130 verbose headers   vary: 'Accept-Encoding' }
131 silly get cb [ 404,
131 silly get   { 'content-type': 'application/json',
131 silly get     'cache-control': 'max-age=0',
131 silly get     'content-length': '2',
131 silly get     'accept-ranges': 'bytes',
131 silly get     date: 'Sat, 17 Dec 2016 19:02:26 GMT',
131 silly get     via: '1.1 varnish',
131 silly get     age: '0',
131 silly get     connection: 'keep-alive',
131 silly get     'x-served-by': 'cache-jfk8126-JFK',
131 silly get     'x-cache': 'MISS',
131 silly get     'x-cache-hits': '0',
131 silly get     'x-timer': 'S1482001346.363499,VS0,VE89',
131 silly get     vary: 'Accept-Encoding' } ]
132 silly cache afterAdd body-parser@1.15.2
133 verbose afterAdd /Users/mahamadoukoita/.npm/body-parser/1.15.2/package/package.json not in flight; writing
134 verbose correctMkdir /Users/mahamadoukoita/.npm correctMkdir not in flight; initializing
135 silly cache afterAdd sequelize@3.27.0
136 verbose afterAdd /Users/mahamadoukoita/.npm/sequelize/3.27.0/package/package.json not in flight; writing
137 verbose correctMkdir /Users/mahamadoukoita/.npm correctMkdir not in flight; initializing
138 silly addNameTag next cb for express with tag latest
139 silly addNamed express@4.14.0
140 verbose addNamed "4.14.0" is a plain semver version for express
141 verbose afterAdd /Users/mahamadoukoita/.npm/body-parser/1.15.2/package/package.json written
142 verbose afterAdd /Users/mahamadoukoita/.npm/sequelize/3.27.0/package/package.json written
143 silly addNameRange number 2 { name: 'nodemon', range: '>=1.11.0 <2.0.0', hasData: true }
144 silly addNameRange versions [ 'nodemon',
144 silly addNameRange   [ '0.1.4',
144 silly addNameRange     '0.1.5',
144 silly addNameRange     '0.1.6',
144 silly addNameRange     '0.1.7',
144 silly addNameRange     '0.1.8',
144 silly addNameRange     '0.2.0',
144 silly addNameRange     '0.2.1',
144 silly addNameRange     '0.2.2',
144 silly addNameRange     '0.3.0',
144 silly addNameRange     '0.3.1',
144 silly addNameRange     '0.3.2',
144 silly addNameRange     '0.4.0',
144 silly addNameRange     '0.4.1',
144 silly addNameRange     '0.5.0',
144 silly addNameRange     '0.5.1',
144 silly addNameRange     '0.5.2',
144 silly addNameRange     '0.5.3',
144 silly addNameRange     '0.5.4',
144 silly addNameRange     '0.5.5',
144 silly addNameRange     '0.5.6',
144 silly addNameRange     '0.5.7',
144 silly addNameRange     '0.6.0',
144 silly addNameRange     '0.6.1',
144 silly addNameRange     '0.6.2',
144 silly addNameRange     '0.6.3',
144 silly addNameRange     '0.6.4',
144 silly addNameRange     '0.6.5',
144 silly addNameRange     '0.6.6',
144 silly addNameRange     '0.6.7',
144 silly addNameRange     '0.6.8',
144 silly addNameRange     '0.6.9',
144 silly addNameRange     '0.6.10',
144 silly addNameRange     '0.6.11',
144 silly addNameRange     '0.6.12',
144 silly addNameRange     '0.6.13',
144 silly addNameRange     '0.6.14',
144 silly addNameRange     '0.6.15',
144 silly addNameRange     '0.6.16',
144 silly addNameRange     '0.6.17',
144 silly addNameRange     '0.6.18',
144 silly addNameRange     '0.6.19',
144 silly addNameRange     '0.6.20',
144 silly addNameRange     '0.6.21',
144 silly addNameRange     '0.6.22',
144 silly addNameRange     '0.6.23',
144 silly addNameRange     '0.7.0',
144 silly addNameRange     '0.7.1',
144 silly addNameRange     '0.7.2',
144 silly addNameRange     '0.7.3',
144 silly addNameRange     '0.7.4',
144 silly addNameRange     '0.7.5',
144 silly addNameRange     '0.7.6',
144 silly addNameRange     '0.7.7',
144 silly addNameRange     '0.7.8',
144 silly addNameRange     '0.7.10',
144 silly addNameRange     '0.9.0',
144 silly addNameRange     '0.9.1',
144 silly addNameRange     '0.9.2',
144 silly addNameRange     '0.9.3',
144 silly addNameRange     '0.9.5',
144 silly addNameRange     '0.9.6',
144 silly addNameRange     '0.9.7',
144 silly addNameRange     '0.9.10',
144 silly addNameRange     '0.9.11',
144 silly addNameRange     '0.9.12',
144 silly addNameRange     '0.9.14',
144 silly addNameRange     '0.9.16',
144 silly addNameRange     '0.9.17',
144 silly addNameRange     '1.0.0',
144 silly addNameRange     '1.0.1',
144 silly addNameRange     '1.0.2',
144 silly addNameRange     '1.0.2-rc',
144 silly addNameRange     '0.6.10-a',
144 silly addNameRange     '1.0.2-rc3',
144 silly addNameRange     '1.0.2-rc4',
144 silly addNameRange     '1.0.3',
144 silly addNameRange     '1.0.4',
144 silly addNameRange     '1.0.5',
144 silly addNameRange     '1.0.6',
144 silly addNameRange     '1.0.7',
144 silly addNameRange     '1.0.8',
144 silly addNameRange     '1.0.9',
144 silly addNameRange     '1.0.10',
144 silly addNameRange     '1.0.11',
144 silly addNameRange     '1.0.12',
144 silly addNameRange     '1.0.13',
144 silly addNameRange     '1.0.14',
144 silly addNameRange     '1.0.15',
144 silly addNameRange     '1.0.16',
144 silly addNameRange     '1.0.17-rc1',
144 silly addNameRange     '1.0.17-rc2',
144 silly addNameRange     '1.0.17',
144 silly addNameRange     '1.0.18',
144 silly addNameRange     '1.0.19',
144 silly addNameRange     '1.0.20',
144 silly addNameRange     '1.1.0-alpha',
144 silly addNameRange     '1.1.0',
144 silly addNameRange     '1.1.1',
144 silly addNameRange     '1.2.0',
144 silly addNameRange     '1.2.1',
144 silly addNameRange     '1.3.0-0',
144 silly addNameRange     '1.3.0-1',
144 silly addNameRange     '1.3.0-2',
144 silly addNameRange     '1.3.0-3',
144 silly addNameRange     '1.3.0-4',
144 silly addNameRange     '1.3.0-5',
144 silly addNameRange     '1.3.0-6',
144 silly addNameRange     '1.3.0-7',
144 silly addNameRange     '1.3.0',
144 silly addNameRange     '1.3.1',
144 silly addNameRange     '1.3.2',
144 silly addNameRange     '1.3.3',
144 silly addNameRange     '1.3.5',
144 silly addNameRange     '1.3.6',
144 silly addNameRange     '1.3.7',
144 silly addNameRange     '1.3.8',
144 silly addNameRange     '1.4.0',
144 silly addNameRange     '1.4.1',
144 silly addNameRange     '1.5.0-alpha1',
144 silly addNameRange     '1.5.0-alpha2',
144 silly addNameRange     '1.5.0-alpha3',
144 silly addNameRange     '1.5.0-alpha4',
144 silly addNameRange     '1.4.2',
144 silly addNameRange     '1.5.0',
144 silly addNameRange     '1.5.1',
144 silly addNameRange     '1.6.0',
144 silly addNameRange     '1.6.1',
144 silly addNameRange     '1.7.0',
144 silly addNameRange     '1.7.1',
144 silly addNameRange     '1.7.2',
144 silly addNameRange     '1.7.3',
144 silly addNameRange     '1.8.0',
144 silly addNameRange     '1.8.1',
144 silly addNameRange     '1.9.0',
144 silly addNameRange     '1.9.1',
144 silly addNameRange     '1.9.2',
144 silly addNameRange     '1.10.0',
144 silly addNameRange     '1.10.1',
144 silly addNameRange     '1.10.2',
144 silly addNameRange     '1.11.0' ] ]
145 silly addNamed nodemon@1.11.0
146 verbose addNamed "1.11.0" is a plain semver version for nodemon
147 silly cache afterAdd express@4.14.0
148 verbose afterAdd /Users/mahamadoukoita/.npm/express/4.14.0/package/package.json not in flight; writing
149 verbose correctMkdir /Users/mahamadoukoita/.npm correctMkdir not in flight; initializing
150 silly cache afterAdd nodemon@1.11.0
151 verbose afterAdd /Users/mahamadoukoita/.npm/nodemon/1.11.0/package/package.json not in flight; writing
152 verbose correctMkdir /Users/mahamadoukoita/.npm correctMkdir not in flight; initializing
153 verbose afterAdd /Users/mahamadoukoita/.npm/express/4.14.0/package/package.json written
154 verbose afterAdd /Users/mahamadoukoita/.npm/nodemon/1.11.0/package/package.json written
155 verbose stack Error: Registry returned 404 for GET on https://registry.npmjs.org/squlite3
155 verbose stack     at makeError (/usr/local/lib/node_modules/npm/node_modules/npm-registry-client/lib/request.js:264:12)
155 verbose stack     at CachingRegistryClient.<anonymous> (/usr/local/lib/node_modules/npm/node_modules/npm-registry-client/lib/request.js:242:14)
155 verbose stack     at Request._callback (/usr/local/lib/node_modules/npm/node_modules/npm-registry-client/lib/request.js:172:14)
155 verbose stack     at Request.self.callback (/usr/local/lib/node_modules/npm/node_modules/request/request.js:200:22)
155 verbose stack     at emitTwo (events.js:87:13)
155 verbose stack     at Request.emit (events.js:172:7)
155 verbose stack     at Request.<anonymous> (/usr/local/lib/node_modules/npm/node_modules/request/request.js:1067:10)
155 verbose stack     at emitOne (events.js:82:20)
155 verbose stack     at Request.emit (events.js:169:7)
155 verbose stack     at IncomingMessage.<anonymous> (/usr/local/lib/node_modules/npm/node_modules/request/request.js:988:12)
156 verbose statusCode 404
157 verbose pkgid squlite3
158 verbose cwd /Users/mahamadoukoita/Desktop/INSTAGRAM/student-contact
159 error Darwin 16.1.0
160 error argv "/usr/local/bin/node" "/usr/local/bin/npm" "install" "--save" "express" "sequelize" "squlite3" "body-parser" "nodemon"
161 error node v4.6.1
162 error npm  v2.15.9
163 error code E404
164 error 404 Registry returned 404 for GET on https://registry.npmjs.org/squlite3
164 error 404
164 error 404 'squlite3' is not in the npm registry.
164 error 404 You should bug the author to publish it (or use the name yourself!)
164 error 404 It was specified as a dependency of 'student-contact'
164 error 404
164 error 404 Note that you can also install from a
164 error 404 tarball, folder, http url, or git url.
165 verbose exit [ 1, true ]
